<?xml version="1.0" encoding="UTF-8"?>
<coverage generated="1536004784943" clover="3.2.0">
  <project timestamp="1536004784944" name="All files">
    <metrics statements="20" coveredstatements="12" conditionals="2" coveredconditionals="0" methods="4" coveredmethods="1" elements="26" coveredelements="13" complexity="0" loc="20" ncloc="20" packages="1" files="1" classes="1">
      <file name="index.js" path="C:\Users\Queletzu\Documents\markdownLabo\cdmx-2018-01-FE-markdown\index.js">
        <metrics statements="20" coveredstatements="12" conditionals="2" coveredconditionals="0" methods="4" coveredmethods="1"/>
        <line num="1" count="1" type="stmt"/>
        <line num="2" count="1" type="stmt"/>
        <line num="3" count="1" type="stmt"/>
        <line num="4" count="1" type="stmt"/>
        <line num="5" count="1" type="stmt"/>
        <line num="6" count="1" type="stmt"/>
        <line num="7" count="1" type="stmt"/>
        <line num="10" count="1" type="stmt"/>
        <line num="12" count="2" type="stmt"/>
        <line num="13" count="0" type="cond" truecount="0" falsecount="2"/>
        <line num="14" count="0" type="stmt"/>
        <line num="16" count="0" type="stmt"/>
        <line num="21" count="1" type="stmt"/>
        <line num="22" count="0" type="stmt"/>
        <line num="23" count="0" type="stmt"/>
        <line num="24" count="0" type="stmt"/>
        <line num="25" count="0" type="stmt"/>
        <line num="26" count="0" type="stmt"/>
        <line num="31" count="1" type="stmt"/>
        <line num="33" count="1" type="stmt"/>
      </file>
    </metrics>
  </project>
</coverage>
